This is pdfTeX, Version 3.141592653-2.6-1.40.22 (TeX Live 2021) (preloaded format=pdflatex 2021.9.19)  9 FEB 2022 21:14
entering extended mode
 restricted \write18 enabled.
 file:line:error style messages enabled.
 %&-line parsing enabled.
**/Users/codebreaker/Desktop/PROJECTS/Reasoning_Agents/RA_project/RA_project/report.tex
(/Users/codebreaker/Desktop/PROJECTS/Reasoning_Agents/RA_project/RA_project/report.tex
LaTeX2e <2020-10-01> patch level 4
L3 programming layer <2021-02-18> (/usr/local/texlive/2021basic/texmf-dist/tex/latex/base/article.cls
Document Class: article 2020/04/10 v1.4m Standard LaTeX document class
(/usr/local/texlive/2021basic/texmf-dist/tex/latex/base/size11.clo
File: size11.clo 2020/04/10 v1.4m Standard LaTeX file (size option)
)
\c@part=\count179
\c@section=\count180
\c@subsection=\count181
\c@subsubsection=\count182
\c@paragraph=\count183
\c@subparagraph=\count184
\c@figure=\count185
\c@table=\count186
\abovecaptionskip=\skip47
\belowcaptionskip=\skip48
\bibindent=\dimen138
) (/usr/local/texlive/2021basic/texmf-dist/tex/latex/graphics/graphicx.sty
Package: graphicx 2020/09/09 v1.2b Enhanced LaTeX Graphics (DPC,SPQR)
 (/usr/local/texlive/2021basic/texmf-dist/tex/latex/graphics/keyval.sty
Package: keyval 2014/10/28 v1.15 key=value parser (DPC)
\KV@toks@=\toks15
) (/usr/local/texlive/2021basic/texmf-dist/tex/latex/graphics/graphics.sty
Package: graphics 2020/08/30 v1.4c Standard LaTeX Graphics (DPC,SPQR)
 (/usr/local/texlive/2021basic/texmf-dist/tex/latex/graphics/trig.sty
Package: trig 2016/01/03 v1.10 sin cos tan (DPC)
) (/usr/local/texlive/2021basic/texmf-dist/tex/latex/graphics-cfg/graphics.cfg
File: graphics.cfg 2016/06/04 v1.11 sample graphics configuration
)
Package graphics Info: Driver file: pdftex.def on input line 105.
 (/usr/local/texlive/2021basic/texmf-dist/tex/latex/graphics-def/pdftex.def
File: pdftex.def 2020/10/05 v1.2a Graphics/color driver for pdftex
))
\Gin@req@height=\dimen139
\Gin@req@width=\dimen140
) (/usr/local/texlive/2021basic/texmf-dist/tex/latex/l3backend/l3backend-pdftex.def
File: l3backend-pdftex.def 2021-03-18 L3 backend support: PDF output (pdfTeX)
\l__color_backend_stack_int=\count187
\l__pdf_internal_box=\box47
) (./report.aux)
\openout1 = `report.aux'.

LaTeX Font Info:    Checking defaults for OML/cmm/m/it on input line 18.
LaTeX Font Info:    ... okay on input line 18.
LaTeX Font Info:    Checking defaults for OMS/cmsy/m/n on input line 18.
LaTeX Font Info:    ... okay on input line 18.
LaTeX Font Info:    Checking defaults for OT1/cmr/m/n on input line 18.
LaTeX Font Info:    ... okay on input line 18.
LaTeX Font Info:    Checking defaults for T1/cmr/m/n on input line 18.
LaTeX Font Info:    ... okay on input line 18.
LaTeX Font Info:    Checking defaults for TS1/cmr/m/n on input line 18.
LaTeX Font Info:    ... okay on input line 18.
LaTeX Font Info:    Checking defaults for OMX/cmex/m/n on input line 18.
LaTeX Font Info:    ... okay on input line 18.
LaTeX Font Info:    Checking defaults for U/cmr/m/n on input line 18.
LaTeX Font Info:    ... okay on input line 18.
 (/usr/local/texlive/2021basic/texmf-dist/tex/context/base/mkii/supp-pdf.mkii
[Loading MPS to PDF converter (version 2006.09.02).]
\scratchcounter=\count188
\scratchdimen=\dimen141
\scratchbox=\box48
\nofMPsegments=\count189
\nofMParguments=\count190
\everyMPshowfont=\toks16
\MPscratchCnt=\count191
\MPscratchDim=\dimen142
\MPnumerator=\count192
\makeMPintoPDFobject=\count193
\everyMPtoPDFconversion=\toks17
) (/usr/local/texlive/2021basic/texmf-dist/tex/latex/epstopdf-pkg/epstopdf-base.sty
Package: epstopdf-base 2020-01-24 v2.11 Base part for package epstopdf
Package epstopdf-base Info: Redefining graphics rule for `.eps' on input line 485.
 (/usr/local/texlive/2021basic/texmf-dist/tex/latex/latexconfig/epstopdf-sys.cfg
File: epstopdf-sys.cfg 2010/07/13 v1.3 Configuration of (r)epstopdf for TeX Live
))
LaTeX Font Info:    External font `cmex10' loaded for size
(Font)              <12> on input line 19.
LaTeX Font Info:    External font `cmex10' loaded for size
(Font)              <8> on input line 19.
LaTeX Font Info:    External font `cmex10' loaded for size
(Font)              <6> on input line 19.
 [1

{/usr/local/texlive/2021basic/texmf-var/fonts/map/pdftex/updmap/pdftex.map}]
<./Imagenes//neural-net.png, id=9, 469.755pt x 372.39125pt>
File: ./Imagenes//neural-net.png Graphic file (type png)
<use ./Imagenes//neural-net.png>
Package pdftex.def Info: ./Imagenes//neural-net.png  used on input line 55.
(pdftex.def)             Requested size: 117.43874pt x 93.09758pt.
 [2 <./Imagenes//neural-net.png (PNG copy)>]
<./Imagenes//dqn.png, id=16, 604.2575pt x 342.27875pt>
File: ./Imagenes//dqn.png Graphic file (type png)
<use ./Imagenes//dqn.png>
Package pdftex.def Info: ./Imagenes//dqn.png  used on input line 72.
(pdftex.def)             Requested size: 469.75499pt x 266.08847pt.
 [3 <./Imagenes//dqn.png (PNG copy)>]
LaTeX Font Info:    External font `cmex10' loaded for size
(Font)              <10.95> on input line 112.
 [4]
<./Imagenes//env.png, id=24, 427.5975pt x 462.72874pt>
File: ./Imagenes//env.png Graphic file (type png)
<use ./Imagenes//env.png>
Package pdftex.def Info: ./Imagenes//env.png  used on input line 148.
(pdftex.def)             Requested size: 234.87749pt x 254.16974pt.
 [5 <./Imagenes//env.png>] [6]
<./Imagenes//graph2.png, id=33, 782.925pt x 583.17876pt>
File: ./Imagenes//graph2.png Graphic file (type png)
<use ./Imagenes//graph2.png>
Package pdftex.def Info: ./Imagenes//graph2.png  used on input line 226.
(pdftex.def)             Requested size: 234.87749pt x 174.94608pt.
<./Imagenes//trained-snake.png, id=34, 433.62pt x 457.71pt>
File: ./Imagenes//trained-snake.png Graphic file (type png)
<use ./Imagenes//trained-snake.png>
Package pdftex.def Info: ./Imagenes//trained-snake.png  used on input line 232.
(pdftex.def)             Requested size: 234.87749pt x 247.92796pt.
 [7 <./Imagenes//graph2.png> <./Imagenes//trained-snake.png>] (./report.aux) ) 
Here is how much of TeX's memory you used:
 1243 strings out of 480445
 19381 string characters out of 5892391
 309493 words of memory out of 5000000
 18550 multiletter control sequences out of 15000+600000
 409288 words of font info for 46 fonts, out of 8000000 for 9000
 319 hyphenation exceptions out of 8191
 68i,9n,74p,564b,244s stack positions out of 5000i,500n,10000p,200000b,80000s
{/usr/local/texlive/2021basic/texmf-dist/fonts/enc/dvips/cm-super/cm-super-ts1.enc}</usr/local/texlive/2021basic/texmf-dist/fonts/type1/public/amsfonts/cm/cmbx10.pfb></usr/local/texlive/2021basic/texmf-dist/fonts/type1/public/amsfonts/cm/cmbx12.pfb></usr/local/texlive/2021basic/texmf-dist/fonts/type1/public/amsfonts/cm/cmr10.pfb></usr/local/texlive/2021basic/texmf-dist/fonts/type1/public/amsfonts/cm/cmr12.pfb></usr/local/texlive/2021basic/texmf-dist/fonts/type1/public/amsfonts/cm/cmr17.pfb></usr/local/texlive/2021basic/texmf-dist/fonts/type1/public/amsfonts/cm/cmti10.pfb></usr/local/texlive/2021basic/texmf-dist/fonts/type1/public/cm-super/sfrm1095.pfb>
Output written on report.pdf (7 pages, 666762 bytes).
PDF statistics:
 66 PDF objects out of 1000 (max. 8388607)
 41 compressed objects within 1 object stream
 0 named destinations out of 1000 (max. 500000)
 26 words of extra memory for PDF output out of 10000 (max. 10000000)

